SF:lib/src/modules/play_session/controllers/game_controller.dart
DA:15,1
DA:16,6
DA:18,5
DA:20,1
DA:21,1
DA:22,6
DA:23,1
DA:26,2
DA:27,3
DA:30,1
DA:33,1
DA:34,2
DA:35,1
DA:36,1
DA:37,1
DA:39,1
DA:40,1
DA:41,1
DA:44,1
DA:45,2
DA:46,8
DA:47,8
DA:48,7
DA:49,8
DA:50,7
DA:58,3
DA:60,1
DA:61,1
DA:62,1
DA:63,1
DA:65,1
DA:66,1
DA:67,1
DA:68,1
DA:70,1
DA:71,1
DA:72,1
DA:73,1
DA:77,1
DA:78,1
DA:79,1
DA:80,1
DA:82,1
DA:83,1
DA:84,1
DA:85,1
DA:87,1
DA:88,1
DA:89,1
DA:90,1
DA:94,1
DA:95,1
DA:96,1
DA:97,1
DA:99,1
DA:100,1
DA:101,1
DA:102,1
LF:58
LH:58
end_of_record
SF:lib/src/modules/play_session/models/game_state.dart
DA:9,5
LF:1
LH:1
end_of_record
